2024-01-31 16:30:42.245 [info] Extension host with pid 147685 started
2024-01-31 16:30:42.698 [info] ExtensionService#_doActivateExtension vscode.git-base, startup: true, activationEvent: '*', root cause: vscode.git
2024-01-31 16:30:42.966 [info] ExtensionService#_doActivateExtension vscode.git, startup: true, activationEvent: '*'
2024-01-31 16:30:43.755 [info] ExtensionService#_doActivateExtension vscode.github, startup: true, activationEvent: '*'
2024-01-31 16:30:44.068 [info] Eager extensions activated
2024-01-31 16:30:44.149 [info] ExtensionService#_doActivateExtension vscode.debug-auto-launch, startup: false, activationEvent: 'onStartupFinished'
2024-01-31 16:30:44.159 [info] ExtensionService#_doActivateExtension vscode.merge-conflict, startup: false, activationEvent: 'onStartupFinished'
2024-01-31 16:30:44.309 [info] ExtensionService#_doActivateExtension vadimcn.vscode-lldb, startup: false, activationEvent: 'onStartupFinished'
2024-01-31 16:30:56.336 [info] Extension host terminating: renderer closed the MessagePort
2024-01-31 16:30:56.361 [info] Extension host with pid 147685 exiting with code 0
2024-01-31 16:30:58.935 [info] Extension host with pid 147759 started
2024-01-31 16:30:58.936 [info] Skipping acquiring lock for /home/s21/C_sharp_Day01-1/src/d_01/~/.vscode-root/User/workspaceStorage/00db4a93367df83c21af536b072d068d.
2024-01-31 16:30:59.061 [info] ExtensionService#_doActivateExtension vscode.git-base, startup: true, activationEvent: '*'
2024-01-31 16:30:59.093 [info] ExtensionService#_doActivateExtension vscode.github, startup: true, activationEvent: '*'
2024-01-31 16:30:59.219 [info] Eager extensions activated
2024-01-31 16:30:59.223 [info] ExtensionService#_doActivateExtension vscode.debug-auto-launch, startup: false, activationEvent: 'onStartupFinished'
2024-01-31 16:30:59.227 [info] ExtensionService#_doActivateExtension vscode.merge-conflict, startup: false, activationEvent: 'onStartupFinished'
2024-01-31 16:31:01.458 [info] ExtensionService#_doActivateExtension vscode.git, startup: false, activationEvent: 'api', root cause: vscode.github
2024-01-31 16:31:01.507 [info] ExtensionService#_doActivateExtension vadimcn.vscode-lldb, startup: false, activationEvent: 'onStartupFinished'
2024-01-31 16:31:21.503 [info] ExtensionService#_doActivateExtension vscode.emmet, startup: false, activationEvent: 'onLanguage'
2024-01-31 16:31:38.662 [warning] [Decorations] CAPPING events from decorations provider vscode.git 262
2024-01-31 16:31:43.743 [warning] [Decorations] CAPPING events from decorations provider vscode.git 267
2024-01-31 16:31:48.855 [warning] [Decorations] CAPPING events from decorations provider vscode.git 267
2024-01-31 16:31:53.974 [warning] [Decorations] CAPPING events from decorations provider vscode.git 267
2024-01-31 16:31:59.053 [warning] [Decorations] CAPPING events from decorations provider vscode.git 267
2024-01-31 16:32:04.187 [warning] [Decorations] CAPPING events from decorations provider vscode.git 268
2024-01-31 16:32:18.929 [warning] [Decorations] CAPPING events from decorations provider vscode.git 267
2024-01-31 16:32:24.016 [warning] [Decorations] CAPPING events from decorations provider vscode.git 267
2024-01-31 16:32:29.072 [warning] [Decorations] CAPPING events from decorations provider vscode.git 268
2024-01-31 16:32:34.137 [warning] [Decorations] CAPPING events from decorations provider vscode.git 268
2024-01-31 16:32:39.198 [warning] [Decorations] CAPPING events from decorations provider vscode.git 268
2024-01-31 16:32:44.265 [warning] [Decorations] CAPPING events from decorations provider vscode.git 268
2024-01-31 16:32:49.316 [warning] [Decorations] CAPPING events from decorations provider vscode.git 268
2024-01-31 16:32:54.385 [warning] [Decorations] CAPPING events from decorations provider vscode.git 268
2024-01-31 16:32:59.478 [warning] [Decorations] CAPPING events from decorations provider vscode.git 268
2024-01-31 16:33:04.541 [warning] [Decorations] CAPPING events from decorations provider vscode.git 268
2024-01-31 16:33:09.607 [warning] [Decorations] CAPPING events from decorations provider vscode.git 268
2024-01-31 16:33:14.669 [warning] [Decorations] CAPPING events from decorations provider vscode.git 268
2024-01-31 16:33:19.731 [warning] [Decorations] CAPPING events from decorations provider vscode.git 268
2024-01-31 16:33:24.804 [warning] [Decorations] CAPPING events from decorations provider vscode.git 268
2024-01-31 16:33:29.871 [warning] [Decorations] CAPPING events from decorations provider vscode.git 268
2024-01-31 16:33:34.930 [warning] [Decorations] CAPPING events from decorations provider vscode.git 268
2024-01-31 16:33:39.987 [warning] [Decorations] CAPPING events from decorations provider vscode.git 268
2024-01-31 16:33:49.653 [warning] [Decorations] CAPPING events from decorations provider vscode.git 268
2024-01-31 16:33:54.702 [warning] [Decorations] CAPPING events from decorations provider vscode.git 268
2024-01-31 16:33:59.775 [warning] [Decorations] CAPPING events from decorations provider vscode.git 268
2024-01-31 16:34:04.844 [warning] [Decorations] CAPPING events from decorations provider vscode.git 268
2024-01-31 16:34:09.884 [warning] [Decorations] CAPPING events from decorations provider vscode.git 268
2024-01-31 16:34:14.938 [warning] [Decorations] CAPPING events from decorations provider vscode.git 268
2024-01-31 16:34:19.983 [warning] [Decorations] CAPPING events from decorations provider vscode.git 268
2024-01-31 16:34:25.029 [warning] [Decorations] CAPPING events from decorations provider vscode.git 268
2024-01-31 16:34:30.077 [warning] [Decorations] CAPPING events from decorations provider vscode.git 268
2024-01-31 16:34:35.123 [warning] [Decorations] CAPPING events from decorations provider vscode.git 268
2024-01-31 16:34:40.174 [warning] [Decorations] CAPPING events from decorations provider vscode.git 268
2024-01-31 16:34:45.219 [warning] [Decorations] CAPPING events from decorations provider vscode.git 268
2024-01-31 16:34:50.260 [warning] [Decorations] CAPPING events from decorations provider vscode.git 268
2024-01-31 16:34:55.322 [warning] [Decorations] CAPPING events from decorations provider vscode.git 268
2024-01-31 16:35:00.366 [warning] [Decorations] CAPPING events from decorations provider vscode.git 268
2024-01-31 16:35:05.458 [warning] [Decorations] CAPPING events from decorations provider vscode.git 268
2024-01-31 16:35:10.521 [warning] [Decorations] CAPPING events from decorations provider vscode.git 269
2024-01-31 16:35:15.570 [warning] [Decorations] CAPPING events from decorations provider vscode.git 268
2024-01-31 16:35:21.045 [warning] [Decorations] CAPPING events from decorations provider vscode.git 268
2024-01-31 16:36:01.813 [warning] [Decorations] CAPPING events from decorations provider vscode.git 269
2024-01-31 16:36:06.881 [warning] [Decorations] CAPPING events from decorations provider vscode.git 269
2024-01-31 16:36:11.930 [warning] [Decorations] CAPPING events from decorations provider vscode.git 270
2024-01-31 16:36:16.982 [warning] [Decorations] CAPPING events from decorations provider vscode.git 270
2024-01-31 16:36:22.037 [warning] [Decorations] CAPPING events from decorations provider vscode.git 270
2024-01-31 16:36:27.091 [warning] [Decorations] CAPPING events from decorations provider vscode.git 270
2024-01-31 16:37:12.378 [warning] [Decorations] CAPPING events from decorations provider vscode.git 270
2024-01-31 16:37:54.906 [warning] [Decorations] CAPPING events from decorations provider vscode.git 270
2024-01-31 16:37:59.988 [warning] [Decorations] CAPPING events from decorations provider vscode.git 272
2024-01-31 16:38:12.941 [warning] [Decorations] CAPPING events from decorations provider vscode.git 274
2024-01-31 16:38:18.008 [warning] [Decorations] CAPPING events from decorations provider vscode.git 273
2024-01-31 16:38:23.090 [warning] [Decorations] CAPPING events from decorations provider vscode.git 274
2024-01-31 16:38:28.163 [warning] [Decorations] CAPPING events from decorations provider vscode.git 274
2024-01-31 16:38:33.228 [warning] [Decorations] CAPPING events from decorations provider vscode.git 274
2024-01-31 16:38:38.339 [warning] [Decorations] CAPPING events from decorations provider vscode.git 274
2024-01-31 16:38:43.422 [warning] [Decorations] CAPPING events from decorations provider vscode.git 275
2024-01-31 16:38:48.512 [warning] [Decorations] CAPPING events from decorations provider vscode.git 275
2024-01-31 16:38:53.575 [warning] [Decorations] CAPPING events from decorations provider vscode.git 276
2024-01-31 16:39:43.721 [warning] [Decorations] CAPPING events from decorations provider vscode.git 276
2024-01-31 16:39:48.788 [warning] [Decorations] CAPPING events from decorations provider vscode.git 276
2024-01-31 16:39:53.871 [warning] [Decorations] CAPPING events from decorations provider vscode.git 277
2024-01-31 16:39:58.925 [warning] [Decorations] CAPPING events from decorations provider vscode.git 277
2024-01-31 16:40:03.982 [warning] [Decorations] CAPPING events from decorations provider vscode.git 277
2024-01-31 16:40:09.031 [warning] [Decorations] CAPPING events from decorations provider vscode.git 277
2024-01-31 16:40:14.076 [warning] [Decorations] CAPPING events from decorations provider vscode.git 282
2024-01-31 16:40:19.150 [warning] [Decorations] CAPPING events from decorations provider vscode.git 282
2024-01-31 16:40:24.224 [warning] [Decorations] CAPPING events from decorations provider vscode.git 282
2024-01-31 16:40:29.287 [warning] [Decorations] CAPPING events from decorations provider vscode.git 282
2024-01-31 16:40:56.243 [warning] [Decorations] CAPPING events from decorations provider vscode.git 282
2024-01-31 16:41:01.320 [warning] [Decorations] CAPPING events from decorations provider vscode.git 283
2024-01-31 16:41:06.373 [warning] [Decorations] CAPPING events from decorations provider vscode.git 283
2024-01-31 16:41:11.444 [warning] [Decorations] CAPPING events from decorations provider vscode.git 283
2024-01-31 16:41:16.532 [warning] [Decorations] CAPPING events from decorations provider vscode.git 283
2024-01-31 16:41:21.600 [warning] [Decorations] CAPPING events from decorations provider vscode.git 283
2024-01-31 16:41:26.665 [warning] [Decorations] CAPPING events from decorations provider vscode.git 283
2024-01-31 16:41:31.737 [warning] [Decorations] CAPPING events from decorations provider vscode.git 283
2024-01-31 16:41:36.794 [warning] [Decorations] CAPPING events from decorations provider vscode.git 283
2024-01-31 16:41:41.847 [warning] [Decorations] CAPPING events from decorations provider vscode.git 283
2024-01-31 16:41:46.908 [warning] [Decorations] CAPPING events from decorations provider vscode.git 283
2024-01-31 16:41:51.976 [warning] [Decorations] CAPPING events from decorations provider vscode.git 283
2024-01-31 16:41:57.037 [warning] [Decorations] CAPPING events from decorations provider vscode.git 283
2024-01-31 16:42:02.097 [warning] [Decorations] CAPPING events from decorations provider vscode.git 283
2024-01-31 16:42:07.160 [warning] [Decorations] CAPPING events from decorations provider vscode.git 283
2024-01-31 16:42:12.224 [warning] [Decorations] CAPPING events from decorations provider vscode.git 283
2024-01-31 16:42:17.280 [warning] [Decorations] CAPPING events from decorations provider vscode.git 284
2024-01-31 16:42:22.332 [warning] [Decorations] CAPPING events from decorations provider vscode.git 284
2024-01-31 16:42:27.378 [warning] [Decorations] CAPPING events from decorations provider vscode.git 285
2024-01-31 16:42:32.445 [warning] [Decorations] CAPPING events from decorations provider vscode.git 286
2024-01-31 16:42:37.497 [warning] [Decorations] CAPPING events from decorations provider vscode.git 285
2024-01-31 16:42:42.558 [warning] [Decorations] CAPPING events from decorations provider vscode.git 286
2024-01-31 16:42:47.613 [warning] [Decorations] CAPPING events from decorations provider vscode.git 286
2024-01-31 16:42:52.667 [warning] [Decorations] CAPPING events from decorations provider vscode.git 287
2024-01-31 16:42:57.818 [warning] [Decorations] CAPPING events from decorations provider vscode.git 290
2024-01-31 16:43:02.878 [warning] [Decorations] CAPPING events from decorations provider vscode.git 288
2024-01-31 16:43:07.941 [warning] [Decorations] CAPPING events from decorations provider vscode.git 289
2024-01-31 16:43:13.008 [warning] [Decorations] CAPPING events from decorations provider vscode.git 288
2024-01-31 16:43:18.061 [warning] [Decorations] CAPPING events from decorations provider vscode.git 289
2024-01-31 16:43:23.129 [warning] [Decorations] CAPPING events from decorations provider vscode.git 289
2024-01-31 16:43:28.178 [warning] [Decorations] CAPPING events from decorations provider vscode.git 289
2024-01-31 16:43:33.235 [warning] [Decorations] CAPPING events from decorations provider vscode.git 290
2024-01-31 16:43:38.293 [warning] [Decorations] CAPPING events from decorations provider vscode.git 289
2024-01-31 16:43:43.344 [warning] [Decorations] CAPPING events from decorations provider vscode.git 289
2024-01-31 16:43:48.395 [warning] [Decorations] CAPPING events from decorations provider vscode.git 289
2024-01-31 16:43:53.444 [warning] [Decorations] CAPPING events from decorations provider vscode.git 290
2024-01-31 16:43:58.506 [warning] [Decorations] CAPPING events from decorations provider vscode.git 290
2024-01-31 16:44:03.572 [warning] [Decorations] CAPPING events from decorations provider vscode.git 290
2024-01-31 16:44:08.641 [warning] [Decorations] CAPPING events from decorations provider vscode.git 290
2024-01-31 16:44:13.711 [warning] [Decorations] CAPPING events from decorations provider vscode.git 290
2024-01-31 16:44:18.775 [warning] [Decorations] CAPPING events from decorations provider vscode.git 290
2024-01-31 16:44:23.836 [warning] [Decorations] CAPPING events from decorations provider vscode.git 290
2024-01-31 16:44:28.898 [warning] [Decorations] CAPPING events from decorations provider vscode.git 290
2024-01-31 16:44:33.981 [warning] [Decorations] CAPPING events from decorations provider vscode.git 290
2024-01-31 16:44:39.039 [warning] [Decorations] CAPPING events from decorations provider vscode.git 290
2024-01-31 16:44:44.095 [warning] [Decorations] CAPPING events from decorations provider vscode.git 290
2024-01-31 16:44:49.149 [warning] [Decorations] CAPPING events from decorations provider vscode.git 290
2024-01-31 16:44:54.206 [warning] [Decorations] CAPPING events from decorations provider vscode.git 290
2024-01-31 16:44:59.257 [warning] [Decorations] CAPPING events from decorations provider vscode.git 290
2024-01-31 16:45:04.317 [warning] [Decorations] CAPPING events from decorations provider vscode.git 290
2024-01-31 16:45:09.365 [warning] [Decorations] CAPPING events from decorations provider vscode.git 290
2024-01-31 16:45:14.436 [warning] [Decorations] CAPPING events from decorations provider vscode.git 290
2024-01-31 16:45:19.494 [warning] [Decorations] CAPPING events from decorations provider vscode.git 290
2024-01-31 16:45:24.564 [warning] [Decorations] CAPPING events from decorations provider vscode.git 290
2024-01-31 16:45:29.619 [warning] [Decorations] CAPPING events from decorations provider vscode.git 290
2024-01-31 16:45:34.668 [warning] [Decorations] CAPPING events from decorations provider vscode.git 290
2024-01-31 16:45:39.726 [warning] [Decorations] CAPPING events from decorations provider vscode.git 290
2024-01-31 16:45:44.802 [warning] [Decorations] CAPPING events from decorations provider vscode.git 290
2024-01-31 16:45:49.880 [warning] [Decorations] CAPPING events from decorations provider vscode.git 290
2024-01-31 16:45:54.940 [warning] [Decorations] CAPPING events from decorations provider vscode.git 290
2024-01-31 16:45:59.985 [warning] [Decorations] CAPPING events from decorations provider vscode.git 290
2024-01-31 16:46:05.046 [warning] [Decorations] CAPPING events from decorations provider vscode.git 290
2024-01-31 16:46:10.101 [warning] [Decorations] CAPPING events from decorations provider vscode.git 290
2024-01-31 16:46:15.167 [warning] [Decorations] CAPPING events from decorations provider vscode.git 290
2024-01-31 16:46:20.218 [warning] [Decorations] CAPPING events from decorations provider vscode.git 290
2024-01-31 16:46:25.289 [warning] [Decorations] CAPPING events from decorations provider vscode.git 290
2024-01-31 16:46:30.345 [warning] [Decorations] CAPPING events from decorations provider vscode.git 290
2024-01-31 16:46:35.395 [warning] [Decorations] CAPPING events from decorations provider vscode.git 290
2024-01-31 16:46:40.443 [warning] [Decorations] CAPPING events from decorations provider vscode.git 290
2024-01-31 16:46:45.487 [warning] [Decorations] CAPPING events from decorations provider vscode.git 290
2024-01-31 16:46:50.539 [warning] [Decorations] CAPPING events from decorations provider vscode.git 290
2024-01-31 16:46:55.600 [warning] [Decorations] CAPPING events from decorations provider vscode.git 290
2024-01-31 16:47:00.662 [warning] [Decorations] CAPPING events from decorations provider vscode.git 290
2024-01-31 16:47:05.777 [warning] [Decorations] CAPPING events from decorations provider vscode.git 290
2024-01-31 16:47:10.831 [warning] [Decorations] CAPPING events from decorations provider vscode.git 290
2024-01-31 16:47:15.909 [warning] [Decorations] CAPPING events from decorations provider vscode.git 290
2024-01-31 16:47:20.958 [warning] [Decorations] CAPPING events from decorations provider vscode.git 291
2024-01-31 16:47:26.010 [warning] [Decorations] CAPPING events from decorations provider vscode.git 291
2024-01-31 16:47:31.065 [warning] [Decorations] CAPPING events from decorations provider vscode.git 291
2024-01-31 16:47:36.109 [warning] [Decorations] CAPPING events from decorations provider vscode.git 291
2024-01-31 16:47:41.158 [warning] [Decorations] CAPPING events from decorations provider vscode.git 291
2024-01-31 16:47:46.308 [warning] [Decorations] CAPPING events from decorations provider vscode.git 291
2024-01-31 16:47:51.358 [warning] [Decorations] CAPPING events from decorations provider vscode.git 291
2024-01-31 16:47:56.410 [warning] [Decorations] CAPPING events from decorations provider vscode.git 291
2024-01-31 16:48:01.465 [warning] [Decorations] CAPPING events from decorations provider vscode.git 291
2024-01-31 16:48:06.536 [warning] [Decorations] CAPPING events from decorations provider vscode.git 291
2024-01-31 16:48:11.590 [warning] [Decorations] CAPPING events from decorations provider vscode.git 291
2024-01-31 16:48:16.650 [warning] [Decorations] CAPPING events from decorations provider vscode.git 291
2024-01-31 16:48:21.739 [warning] [Decorations] CAPPING events from decorations provider vscode.git 291
2024-01-31 16:48:26.784 [warning] [Decorations] CAPPING events from decorations provider vscode.git 291
2024-01-31 16:48:31.855 [warning] [Decorations] CAPPING events from decorations provider vscode.git 291
2024-01-31 16:48:36.903 [warning] [Decorations] CAPPING events from decorations provider vscode.git 291
2024-01-31 16:48:41.953 [warning] [Decorations] CAPPING events from decorations provider vscode.git 291
2024-01-31 16:48:47.002 [warning] [Decorations] CAPPING events from decorations provider vscode.git 291
2024-01-31 16:48:52.073 [warning] [Decorations] CAPPING events from decorations provider vscode.git 291
2024-01-31 16:48:57.134 [warning] [Decorations] CAPPING events from decorations provider vscode.git 291
2024-01-31 16:49:02.207 [warning] [Decorations] CAPPING events from decorations provider vscode.git 291
2024-01-31 16:49:07.259 [warning] [Decorations] CAPPING events from decorations provider vscode.git 291
2024-01-31 16:49:12.303 [warning] [Decorations] CAPPING events from decorations provider vscode.git 291
2024-01-31 16:49:17.356 [warning] [Decorations] CAPPING events from decorations provider vscode.git 291
2024-01-31 16:49:22.430 [warning] [Decorations] CAPPING events from decorations provider vscode.git 291
2024-01-31 16:49:27.495 [warning] [Decorations] CAPPING events from decorations provider vscode.git 291
2024-01-31 16:49:32.558 [warning] [Decorations] CAPPING events from decorations provider vscode.git 291
2024-01-31 16:49:37.617 [warning] [Decorations] CAPPING events from decorations provider vscode.git 291
2024-01-31 16:49:42.683 [warning] [Decorations] CAPPING events from decorations provider vscode.git 291
2024-01-31 16:49:47.810 [warning] [Decorations] CAPPING events from decorations provider vscode.git 291
2024-01-31 16:49:52.880 [warning] [Decorations] CAPPING events from decorations provider vscode.git 291
2024-01-31 16:49:57.946 [warning] [Decorations] CAPPING events from decorations provider vscode.git 291
2024-01-31 16:50:03.006 [warning] [Decorations] CAPPING events from decorations provider vscode.git 291
2024-01-31 16:50:08.066 [warning] [Decorations] CAPPING events from decorations provider vscode.git 292
2024-01-31 16:50:13.120 [warning] [Decorations] CAPPING events from decorations provider vscode.git 291
2024-01-31 16:50:18.182 [warning] [Decorations] CAPPING events from decorations provider vscode.git 291
2024-01-31 16:50:23.244 [warning] [Decorations] CAPPING events from decorations provider vscode.git 291
2024-01-31 16:50:28.298 [warning] [Decorations] CAPPING events from decorations provider vscode.git 291
2024-01-31 16:50:33.354 [warning] [Decorations] CAPPING events from decorations provider vscode.git 291
2024-01-31 16:50:38.410 [warning] [Decorations] CAPPING events from decorations provider vscode.git 291
2024-01-31 16:50:43.469 [warning] [Decorations] CAPPING events from decorations provider vscode.git 291
2024-01-31 16:50:48.526 [warning] [Decorations] CAPPING events from decorations provider vscode.git 291
2024-01-31 16:50:53.587 [warning] [Decorations] CAPPING events from decorations provider vscode.git 292
2024-01-31 16:50:58.643 [warning] [Decorations] CAPPING events from decorations provider vscode.git 292
2024-01-31 16:51:03.709 [warning] [Decorations] CAPPING events from decorations provider vscode.git 292
2024-01-31 16:51:08.755 [warning] [Decorations] CAPPING events from decorations provider vscode.git 292
2024-01-31 16:51:13.821 [warning] [Decorations] CAPPING events from decorations provider vscode.git 292
2024-01-31 16:51:18.876 [warning] [Decorations] CAPPING events from decorations provider vscode.git 292
2024-01-31 16:51:23.967 [warning] [Decorations] CAPPING events from decorations provider vscode.git 292
2024-01-31 16:51:29.019 [warning] [Decorations] CAPPING events from decorations provider vscode.git 292
2024-01-31 16:51:34.075 [warning] [Decorations] CAPPING events from decorations provider vscode.git 292
2024-01-31 16:51:39.130 [warning] [Decorations] CAPPING events from decorations provider vscode.git 292
2024-01-31 16:51:44.187 [warning] [Decorations] CAPPING events from decorations provider vscode.git 292
2024-01-31 16:51:49.242 [warning] [Decorations] CAPPING events from decorations provider vscode.git 292
2024-01-31 16:51:54.296 [warning] [Decorations] CAPPING events from decorations provider vscode.git 292
2024-01-31 16:51:59.344 [warning] [Decorations] CAPPING events from decorations provider vscode.git 292
2024-01-31 16:52:04.391 [warning] [Decorations] CAPPING events from decorations provider vscode.git 292
2024-01-31 16:52:09.467 [warning] [Decorations] CAPPING events from decorations provider vscode.git 292
2024-01-31 16:52:14.520 [warning] [Decorations] CAPPING events from decorations provider vscode.git 292
2024-01-31 16:52:19.582 [warning] [Decorations] CAPPING events from decorations provider vscode.git 292
2024-01-31 16:52:24.640 [warning] [Decorations] CAPPING events from decorations provider vscode.git 292
2024-01-31 16:52:29.688 [warning] [Decorations] CAPPING events from decorations provider vscode.git 292
2024-01-31 16:52:34.750 [warning] [Decorations] CAPPING events from decorations provider vscode.git 292
2024-01-31 16:52:39.804 [warning] [Decorations] CAPPING events from decorations provider vscode.git 292
2024-01-31 16:52:44.866 [warning] [Decorations] CAPPING events from decorations provider vscode.git 292
2024-01-31 16:52:49.920 [warning] [Decorations] CAPPING events from decorations provider vscode.git 292
2024-01-31 16:52:54.989 [warning] [Decorations] CAPPING events from decorations provider vscode.git 292
2024-01-31 16:53:00.063 [warning] [Decorations] CAPPING events from decorations provider vscode.git 292
2024-01-31 16:53:05.125 [warning] [Decorations] CAPPING events from decorations provider vscode.git 292
2024-01-31 16:53:10.175 [warning] [Decorations] CAPPING events from decorations provider vscode.git 292
2024-01-31 16:53:15.261 [warning] [Decorations] CAPPING events from decorations provider vscode.git 292
2024-01-31 16:53:20.320 [warning] [Decorations] CAPPING events from decorations provider vscode.git 292
2024-01-31 16:53:25.371 [warning] [Decorations] CAPPING events from decorations provider vscode.git 292
2024-01-31 16:53:30.423 [warning] [Decorations] CAPPING events from decorations provider vscode.git 292
2024-01-31 16:53:35.475 [warning] [Decorations] CAPPING events from decorations provider vscode.git 292
2024-01-31 16:53:40.535 [warning] [Decorations] CAPPING events from decorations provider vscode.git 292
2024-01-31 16:53:45.615 [warning] [Decorations] CAPPING events from decorations provider vscode.git 292
2024-01-31 16:53:50.668 [warning] [Decorations] CAPPING events from decorations provider vscode.git 292
2024-01-31 16:53:55.715 [warning] [Decorations] CAPPING events from decorations provider vscode.git 292
2024-01-31 16:54:00.769 [warning] [Decorations] CAPPING events from decorations provider vscode.git 292
2024-01-31 16:54:05.829 [warning] [Decorations] CAPPING events from decorations provider vscode.git 292
2024-01-31 16:54:10.894 [warning] [Decorations] CAPPING events from decorations provider vscode.git 292
2024-01-31 16:54:15.969 [warning] [Decorations] CAPPING events from decorations provider vscode.git 292
2024-01-31 16:54:21.045 [warning] [Decorations] CAPPING events from decorations provider vscode.git 292
2024-01-31 16:54:26.112 [warning] [Decorations] CAPPING events from decorations provider vscode.git 292
2024-01-31 16:54:31.169 [warning] [Decorations] CAPPING events from decorations provider vscode.git 292
2024-01-31 16:54:36.251 [warning] [Decorations] CAPPING events from decorations provider vscode.git 292
2024-01-31 16:54:41.308 [warning] [Decorations] CAPPING events from decorations provider vscode.git 292
2024-01-31 16:54:46.360 [warning] [Decorations] CAPPING events from decorations provider vscode.git 292
2024-01-31 16:54:51.414 [warning] [Decorations] CAPPING events from decorations provider vscode.git 292
2024-01-31 16:54:56.466 [warning] [Decorations] CAPPING events from decorations provider vscode.git 293
2024-01-31 16:55:01.530 [warning] [Decorations] CAPPING events from decorations provider vscode.git 292
2024-01-31 16:55:06.581 [warning] [Decorations] CAPPING events from decorations provider vscode.git 292
2024-01-31 16:55:11.638 [warning] [Decorations] CAPPING events from decorations provider vscode.git 292
2024-01-31 16:55:16.698 [warning] [Decorations] CAPPING events from decorations provider vscode.git 292
2024-01-31 16:55:21.765 [warning] [Decorations] CAPPING events from decorations provider vscode.git 292
2024-01-31 16:55:26.819 [warning] [Decorations] CAPPING events from decorations provider vscode.git 292
2024-01-31 16:55:31.877 [warning] [Decorations] CAPPING events from decorations provider vscode.git 292
2024-01-31 16:55:36.940 [warning] [Decorations] CAPPING events from decorations provider vscode.git 292
2024-01-31 16:55:41.993 [warning] [Decorations] CAPPING events from decorations provider vscode.git 292
2024-01-31 16:55:47.049 [warning] [Decorations] CAPPING events from decorations provider vscode.git 292
2024-01-31 16:55:52.100 [warning] [Decorations] CAPPING events from decorations provider vscode.git 292
2024-01-31 16:55:57.157 [warning] [Decorations] CAPPING events from decorations provider vscode.git 292
2024-01-31 16:56:02.208 [warning] [Decorations] CAPPING events from decorations provider vscode.git 292
2024-01-31 16:56:07.266 [warning] [Decorations] CAPPING events from decorations provider vscode.git 292
2024-01-31 16:56:12.331 [warning] [Decorations] CAPPING events from decorations provider vscode.git 292
2024-01-31 16:56:17.394 [warning] [Decorations] CAPPING events from decorations provider vscode.git 292
2024-01-31 16:56:22.458 [warning] [Decorations] CAPPING events from decorations provider vscode.git 292
2024-01-31 16:56:27.537 [warning] [Decorations] CAPPING events from decorations provider vscode.git 292
2024-01-31 16:56:32.598 [warning] [Decorations] CAPPING events from decorations provider vscode.git 292
2024-01-31 16:56:37.655 [warning] [Decorations] CAPPING events from decorations provider vscode.git 292
2024-01-31 16:56:42.726 [warning] [Decorations] CAPPING events from decorations provider vscode.git 292
2024-01-31 16:56:47.789 [warning] [Decorations] CAPPING events from decorations provider vscode.git 292
2024-01-31 16:56:52.860 [warning] [Decorations] CAPPING events from decorations provider vscode.git 292
2024-01-31 16:56:57.935 [warning] [Decorations] CAPPING events from decorations provider vscode.git 292
2024-01-31 16:57:03.014 [warning] [Decorations] CAPPING events from decorations provider vscode.git 292
2024-01-31 16:57:08.092 [warning] [Decorations] CAPPING events from decorations provider vscode.git 292
2024-01-31 16:57:13.151 [warning] [Decorations] CAPPING events from decorations provider vscode.git 292
2024-01-31 16:57:18.203 [warning] [Decorations] CAPPING events from decorations provider vscode.git 292
2024-01-31 16:57:23.259 [warning] [Decorations] CAPPING events from decorations provider vscode.git 292
2024-01-31 16:57:28.321 [warning] [Decorations] CAPPING events from decorations provider vscode.git 292
2024-01-31 16:57:33.380 [warning] [Decorations] CAPPING events from decorations provider vscode.git 292
2024-01-31 16:57:38.437 [warning] [Decorations] CAPPING events from decorations provider vscode.git 292
2024-01-31 16:57:43.495 [warning] [Decorations] CAPPING events from decorations provider vscode.git 292
2024-01-31 16:57:48.545 [warning] [Decorations] CAPPING events from decorations provider vscode.git 292
2024-01-31 16:57:53.606 [warning] [Decorations] CAPPING events from decorations provider vscode.git 292
2024-01-31 16:57:58.659 [warning] [Decorations] CAPPING events from decorations provider vscode.git 292
2024-01-31 16:58:03.727 [warning] [Decorations] CAPPING events from decorations provider vscode.git 292
2024-01-31 16:58:08.782 [warning] [Decorations] CAPPING events from decorations provider vscode.git 292
2024-01-31 16:58:13.846 [warning] [Decorations] CAPPING events from decorations provider vscode.git 292
2024-01-31 16:58:18.898 [warning] [Decorations] CAPPING events from decorations provider vscode.git 293
2024-01-31 16:58:23.947 [warning] [Decorations] CAPPING events from decorations provider vscode.git 293
2024-01-31 16:58:29.014 [warning] [Decorations] CAPPING events from decorations provider vscode.git 293
2024-01-31 16:58:34.069 [warning] [Decorations] CAPPING events from decorations provider vscode.git 293
2024-01-31 16:58:39.120 [warning] [Decorations] CAPPING events from decorations provider vscode.git 293
2024-01-31 16:58:44.169 [warning] [Decorations] CAPPING events from decorations provider vscode.git 293
2024-01-31 16:58:49.220 [warning] [Decorations] CAPPING events from decorations provider vscode.git 293
2024-01-31 16:58:54.279 [warning] [Decorations] CAPPING events from decorations provider vscode.git 293
2024-01-31 16:58:59.337 [warning] [Decorations] CAPPING events from decorations provider vscode.git 293
2024-01-31 16:59:04.386 [warning] [Decorations] CAPPING events from decorations provider vscode.git 293
2024-01-31 16:59:09.437 [warning] [Decorations] CAPPING events from decorations provider vscode.git 293
2024-01-31 16:59:14.505 [warning] [Decorations] CAPPING events from decorations provider vscode.git 293
2024-01-31 16:59:19.563 [warning] [Decorations] CAPPING events from decorations provider vscode.git 293
2024-01-31 16:59:24.624 [warning] [Decorations] CAPPING events from decorations provider vscode.git 293
2024-01-31 16:59:29.685 [warning] [Decorations] CAPPING events from decorations provider vscode.git 293
2024-01-31 16:59:34.742 [warning] [Decorations] CAPPING events from decorations provider vscode.git 293
2024-01-31 16:59:39.794 [warning] [Decorations] CAPPING events from decorations provider vscode.git 293
2024-01-31 16:59:44.873 [warning] [Decorations] CAPPING events from decorations provider vscode.git 293
2024-01-31 16:59:49.933 [warning] [Decorations] CAPPING events from decorations provider vscode.git 293
2024-01-31 16:59:54.999 [warning] [Decorations] CAPPING events from decorations provider vscode.git 293
2024-01-31 17:00:00.057 [warning] [Decorations] CAPPING events from decorations provider vscode.git 293
2024-01-31 17:00:05.112 [warning] [Decorations] CAPPING events from decorations provider vscode.git 293
2024-01-31 17:00:10.160 [warning] [Decorations] CAPPING events from decorations provider vscode.git 293
2024-01-31 17:00:15.224 [warning] [Decorations] CAPPING events from decorations provider vscode.git 293
2024-01-31 17:00:20.280 [warning] [Decorations] CAPPING events from decorations provider vscode.git 293
2024-01-31 17:00:25.336 [warning] [Decorations] CAPPING events from decorations provider vscode.git 293
2024-01-31 17:00:30.387 [warning] [Decorations] CAPPING events from decorations provider vscode.git 293
2024-01-31 17:00:35.437 [warning] [Decorations] CAPPING events from decorations provider vscode.git 293
2024-01-31 17:00:40.484 [warning] [Decorations] CAPPING events from decorations provider vscode.git 293
2024-01-31 17:00:45.538 [warning] [Decorations] CAPPING events from decorations provider vscode.git 293
2024-01-31 17:00:50.584 [warning] [Decorations] CAPPING events from decorations provider vscode.git 293
2024-01-31 17:00:55.641 [warning] [Decorations] CAPPING events from decorations provider vscode.git 293
2024-01-31 17:01:00.711 [warning] [Decorations] CAPPING events from decorations provider vscode.git 293
2024-01-31 17:01:05.792 [warning] [Decorations] CAPPING events from decorations provider vscode.git 293
2024-01-31 17:01:10.846 [warning] [Decorations] CAPPING events from decorations provider vscode.git 293
2024-01-31 17:01:15.912 [warning] [Decorations] CAPPING events from decorations provider vscode.git 293
2024-01-31 17:01:20.961 [warning] [Decorations] CAPPING events from decorations provider vscode.git 293
2024-01-31 17:01:26.019 [warning] [Decorations] CAPPING events from decorations provider vscode.git 293
2024-01-31 17:01:31.080 [warning] [Decorations] CAPPING events from decorations provider vscode.git 293
2024-01-31 17:01:36.129 [warning] [Decorations] CAPPING events from decorations provider vscode.git 293
2024-01-31 17:01:41.185 [warning] [Decorations] CAPPING events from decorations provider vscode.git 293
2024-01-31 17:01:46.232 [warning] [Decorations] CAPPING events from decorations provider vscode.git 293
2024-01-31 17:01:51.290 [warning] [Decorations] CAPPING events from decorations provider vscode.git 293
2024-01-31 17:01:56.336 [warning] [Decorations] CAPPING events from decorations provider vscode.git 293
2024-01-31 17:02:01.411 [warning] [Decorations] CAPPING events from decorations provider vscode.git 294
2024-01-31 17:02:06.471 [warning] [Decorations] CAPPING events from decorations provider vscode.git 293
2024-01-31 17:02:11.528 [warning] [Decorations] CAPPING events from decorations provider vscode.git 293
2024-01-31 17:02:16.588 [warning] [Decorations] CAPPING events from decorations provider vscode.git 293
2024-01-31 17:02:21.652 [warning] [Decorations] CAPPING events from decorations provider vscode.git 293
2024-01-31 17:02:26.712 [warning] [Decorations] CAPPING events from decorations provider vscode.git 293
2024-01-31 17:02:31.770 [warning] [Decorations] CAPPING events from decorations provider vscode.git 293
2024-01-31 17:02:36.820 [warning] [Decorations] CAPPING events from decorations provider vscode.git 293
2024-01-31 17:02:41.881 [warning] [Decorations] CAPPING events from decorations provider vscode.git 293
2024-01-31 17:02:46.958 [warning] [Decorations] CAPPING events from decorations provider vscode.git 293
2024-01-31 17:02:52.028 [warning] [Decorations] CAPPING events from decorations provider vscode.git 293
2024-01-31 17:02:57.085 [warning] [Decorations] CAPPING events from decorations provider vscode.git 293
2024-01-31 17:03:02.136 [warning] [Decorations] CAPPING events from decorations provider vscode.git 293
2024-01-31 17:03:07.200 [warning] [Decorations] CAPPING events from decorations provider vscode.git 293
2024-01-31 17:03:12.256 [warning] [Decorations] CAPPING events from decorations provider vscode.git 293
2024-01-31 17:03:17.308 [warning] [Decorations] CAPPING events from decorations provider vscode.git 293
2024-01-31 17:03:22.368 [warning] [Decorations] CAPPING events from decorations provider vscode.git 294
2024-01-31 17:03:27.436 [warning] [Decorations] CAPPING events from decorations provider vscode.git 294
2024-01-31 17:03:32.500 [warning] [Decorations] CAPPING events from decorations provider vscode.git 294
2024-01-31 17:03:37.581 [warning] [Decorations] CAPPING events from decorations provider vscode.git 294
2024-01-31 17:03:42.636 [warning] [Decorations] CAPPING events from decorations provider vscode.git 294
2024-01-31 17:03:47.697 [warning] [Decorations] CAPPING events from decorations provider vscode.git 294
2024-01-31 17:03:52.746 [warning] [Decorations] CAPPING events from decorations provider vscode.git 294
2024-01-31 17:03:57.812 [warning] [Decorations] CAPPING events from decorations provider vscode.git 294
2024-01-31 17:04:02.884 [warning] [Decorations] CAPPING events from decorations provider vscode.git 294
2024-01-31 17:04:07.969 [warning] [Decorations] CAPPING events from decorations provider vscode.git 294
2024-01-31 17:04:13.024 [warning] [Decorations] CAPPING events from decorations provider vscode.git 294
2024-01-31 17:04:18.078 [warning] [Decorations] CAPPING events from decorations provider vscode.git 294
2024-01-31 17:04:23.144 [warning] [Decorations] CAPPING events from decorations provider vscode.git 294
2024-01-31 17:04:28.192 [warning] [Decorations] CAPPING events from decorations provider vscode.git 294
2024-01-31 17:04:33.249 [warning] [Decorations] CAPPING events from decorations provider vscode.git 294
2024-01-31 17:04:38.317 [warning] [Decorations] CAPPING events from decorations provider vscode.git 294
2024-01-31 17:04:43.379 [warning] [Decorations] CAPPING events from decorations provider vscode.git 294
2024-01-31 17:05:01.091 [warning] [Decorations] CAPPING events from decorations provider vscode.git 294
2024-01-31 17:05:06.163 [warning] [Decorations] CAPPING events from decorations provider vscode.git 294
2024-01-31 17:05:11.258 [warning] [Decorations] CAPPING events from decorations provider vscode.git 294
2024-01-31 17:05:16.346 [warning] [Decorations] CAPPING events from decorations provider vscode.git 295
2024-01-31 17:05:21.431 [warning] [Decorations] CAPPING events from decorations provider vscode.git 294
2024-01-31 17:05:26.505 [warning] [Decorations] CAPPING events from decorations provider vscode.git 294
2024-01-31 17:05:31.569 [warning] [Decorations] CAPPING events from decorations provider vscode.git 294
2024-01-31 17:05:36.623 [warning] [Decorations] CAPPING events from decorations provider vscode.git 294
2024-01-31 17:05:41.679 [warning] [Decorations] CAPPING events from decorations provider vscode.git 294
2024-01-31 17:05:46.735 [warning] [Decorations] CAPPING events from decorations provider vscode.git 294
2024-01-31 17:05:56.394 [warning] [Decorations] CAPPING events from decorations provider vscode.git 294
2024-01-31 17:06:01.465 [warning] [Decorations] CAPPING events from decorations provider vscode.git 294
2024-01-31 17:06:06.546 [warning] [Decorations] CAPPING events from decorations provider vscode.git 296
2024-01-31 17:06:08.853 [info] ExtensionService#_doActivateExtension vscode.npm, startup: false, activationEvent: 'onTerminalQuickFixRequest:ms-vscode.npm-command'
2024-01-31 17:06:11.611 [warning] [Decorations] CAPPING events from decorations provider vscode.git 303
2024-01-31 17:06:16.675 [warning] [Decorations] CAPPING events from decorations provider vscode.git 303
2024-01-31 17:06:21.765 [warning] [Decorations] CAPPING events from decorations provider vscode.git 304
2024-01-31 17:06:26.829 [warning] [Decorations] CAPPING events from decorations provider vscode.git 305
2024-01-31 17:06:31.885 [warning] [Decorations] CAPPING events from decorations provider vscode.git 305
2024-01-31 17:06:36.937 [warning] [Decorations] CAPPING events from decorations provider vscode.git 305
2024-01-31 17:06:41.992 [warning] [Decorations] CAPPING events from decorations provider vscode.git 305
2024-01-31 17:06:47.049 [warning] [Decorations] CAPPING events from decorations provider vscode.git 305
2024-01-31 17:06:52.112 [warning] [Decorations] CAPPING events from decorations provider vscode.git 305
2024-01-31 17:06:57.179 [warning] [Decorations] CAPPING events from decorations provider vscode.git 305
2024-01-31 17:07:02.232 [warning] [Decorations] CAPPING events from decorations provider vscode.git 305
2024-01-31 17:07:07.292 [warning] [Decorations] CAPPING events from decorations provider vscode.git 305
2024-01-31 17:07:12.354 [warning] [Decorations] CAPPING events from decorations provider vscode.git 305
2024-01-31 17:07:17.408 [warning] [Decorations] CAPPING events from decorations provider vscode.git 305
2024-01-31 17:07:22.461 [warning] [Decorations] CAPPING events from decorations provider vscode.git 305
2024-01-31 17:07:27.505 [warning] [Decorations] CAPPING events from decorations provider vscode.git 305
2024-01-31 17:07:32.561 [warning] [Decorations] CAPPING events from decorations provider vscode.git 305
2024-01-31 17:07:37.622 [warning] [Decorations] CAPPING events from decorations provider vscode.git 305
2024-01-31 17:07:42.687 [warning] [Decorations] CAPPING events from decorations provider vscode.git 305
2024-01-31 17:07:47.741 [warning] [Decorations] CAPPING events from decorations provider vscode.git 305
2024-01-31 17:07:52.803 [warning] [Decorations] CAPPING events from decorations provider vscode.git 305
2024-01-31 17:07:57.859 [warning] [Decorations] CAPPING events from decorations provider vscode.git 305
2024-01-31 17:08:02.909 [warning] [Decorations] CAPPING events from decorations provider vscode.git 305
2024-01-31 17:08:07.966 [warning] [Decorations] CAPPING events from decorations provider vscode.git 305
2024-01-31 17:08:13.024 [warning] [Decorations] CAPPING events from decorations provider vscode.git 305
2024-01-31 17:08:18.071 [warning] [Decorations] CAPPING events from decorations provider vscode.git 305
2024-01-31 17:08:23.129 [warning] [Decorations] CAPPING events from decorations provider vscode.git 305
2024-01-31 17:08:28.183 [warning] [Decorations] CAPPING events from decorations provider vscode.git 305
2024-01-31 17:08:33.237 [warning] [Decorations] CAPPING events from decorations provider vscode.git 305
2024-01-31 17:08:38.284 [warning] [Decorations] CAPPING events from decorations provider vscode.git 305
2024-01-31 17:08:43.343 [warning] [Decorations] CAPPING events from decorations provider vscode.git 305
2024-01-31 17:08:48.396 [warning] [Decorations] CAPPING events from decorations provider vscode.git 305
2024-01-31 17:08:53.448 [warning] [Decorations] CAPPING events from decorations provider vscode.git 305
2024-01-31 17:08:58.505 [warning] [Decorations] CAPPING events from decorations provider vscode.git 305
2024-01-31 17:09:03.557 [warning] [Decorations] CAPPING events from decorations provider vscode.git 305
2024-01-31 17:09:08.614 [warning] [Decorations] CAPPING events from decorations provider vscode.git 305
2024-01-31 17:09:13.673 [warning] [Decorations] CAPPING events from decorations provider vscode.git 305
2024-01-31 17:09:18.727 [warning] [Decorations] CAPPING events from decorations provider vscode.git 305
2024-01-31 17:09:23.782 [warning] [Decorations] CAPPING events from decorations provider vscode.git 305
2024-01-31 17:09:28.834 [warning] [Decorations] CAPPING events from decorations provider vscode.git 305
2024-01-31 17:09:33.888 [warning] [Decorations] CAPPING events from decorations provider vscode.git 305
2024-01-31 17:09:38.951 [warning] [Decorations] CAPPING events from decorations provider vscode.git 305
2024-01-31 17:09:44.010 [warning] [Decorations] CAPPING events from decorations provider vscode.git 305
2024-01-31 17:09:49.062 [warning] [Decorations] CAPPING events from decorations provider vscode.git 305
2024-01-31 17:09:54.117 [warning] [Decorations] CAPPING events from decorations provider vscode.git 305
2024-01-31 17:09:59.165 [warning] [Decorations] CAPPING events from decorations provider vscode.git 305
2024-01-31 17:10:04.222 [warning] [Decorations] CAPPING events from decorations provider vscode.git 305
2024-01-31 17:10:09.277 [warning] [Decorations] CAPPING events from decorations provider vscode.git 305
2024-01-31 17:10:14.328 [warning] [Decorations] CAPPING events from decorations provider vscode.git 305
2024-01-31 17:10:19.383 [warning] [Decorations] CAPPING events from decorations provider vscode.git 305
2024-01-31 17:10:24.430 [warning] [Decorations] CAPPING events from decorations provider vscode.git 305
2024-01-31 17:10:29.477 [warning] [Decorations] CAPPING events from decorations provider vscode.git 305
2024-01-31 17:10:34.527 [warning] [Decorations] CAPPING events from decorations provider vscode.git 305
2024-01-31 17:10:39.574 [warning] [Decorations] CAPPING events from decorations provider vscode.git 305
2024-01-31 17:10:44.635 [warning] [Decorations] CAPPING events from decorations provider vscode.git 305
2024-01-31 17:10:49.691 [warning] [Decorations] CAPPING events from decorations provider vscode.git 305
2024-01-31 17:10:54.748 [warning] [Decorations] CAPPING events from decorations provider vscode.git 305
2024-01-31 17:10:59.798 [warning] [Decorations] CAPPING events from decorations provider vscode.git 305
2024-01-31 17:11:04.861 [warning] [Decorations] CAPPING events from decorations provider vscode.git 305
2024-01-31 17:11:09.921 [warning] [Decorations] CAPPING events from decorations provider vscode.git 305
2024-01-31 17:11:14.983 [warning] [Decorations] CAPPING events from decorations provider vscode.git 305
2024-01-31 17:11:20.034 [warning] [Decorations] CAPPING events from decorations provider vscode.git 305
2024-01-31 17:11:25.090 [warning] [Decorations] CAPPING events from decorations provider vscode.git 305
2024-01-31 17:11:30.148 [warning] [Decorations] CAPPING events from decorations provider vscode.git 305
2024-01-31 17:11:35.208 [warning] [Decorations] CAPPING events from decorations provider vscode.git 305
2024-01-31 17:11:40.256 [warning] [Decorations] CAPPING events from decorations provider vscode.git 305
2024-01-31 17:11:45.308 [warning] [Decorations] CAPPING events from decorations provider vscode.git 305
2024-01-31 17:11:50.367 [warning] [Decorations] CAPPING events from decorations provider vscode.git 305
2024-01-31 17:11:55.420 [warning] [Decorations] CAPPING events from decorations provider vscode.git 305
2024-01-31 17:12:00.477 [warning] [Decorations] CAPPING events from decorations provider vscode.git 305
2024-01-31 17:12:05.540 [warning] [Decorations] CAPPING events from decorations provider vscode.git 305
2024-01-31 17:12:10.600 [warning] [Decorations] CAPPING events from decorations provider vscode.git 305
2024-01-31 17:12:15.657 [warning] [Decorations] CAPPING events from decorations provider vscode.git 305
2024-01-31 17:12:20.714 [warning] [Decorations] CAPPING events from decorations provider vscode.git 305
2024-01-31 17:12:25.764 [warning] [Decorations] CAPPING events from decorations provider vscode.git 305
2024-01-31 17:12:30.816 [warning] [Decorations] CAPPING events from decorations provider vscode.git 305
2024-01-31 17:12:35.926 [warning] [Decorations] CAPPING events from decorations provider vscode.git 305
2024-01-31 17:12:41.057 [warning] [Decorations] CAPPING events from decorations provider vscode.git 306
2024-01-31 17:12:46.104 [warning] [Decorations] CAPPING events from decorations provider vscode.git 306
2024-01-31 17:12:51.254 [warning] [Decorations] CAPPING events from decorations provider vscode.git 307
2024-01-31 17:12:56.317 [warning] [Decorations] CAPPING events from decorations provider vscode.git 306
2024-01-31 17:13:01.366 [warning] [Decorations] CAPPING events from decorations provider vscode.git 306
2024-01-31 17:13:06.419 [warning] [Decorations] CAPPING events from decorations provider vscode.git 306
2024-01-31 17:13:11.472 [warning] [Decorations] CAPPING events from decorations provider vscode.git 306
2024-01-31 17:13:16.528 [warning] [Decorations] CAPPING events from decorations provider vscode.git 306
2024-01-31 17:13:21.593 [warning] [Decorations] CAPPING events from decorations provider vscode.git 307
2024-01-31 17:13:26.653 [warning] [Decorations] CAPPING events from decorations provider vscode.git 307
2024-01-31 17:13:31.712 [warning] [Decorations] CAPPING events from decorations provider vscode.git 307
2024-01-31 17:13:36.767 [warning] [Decorations] CAPPING events from decorations provider vscode.git 307
2024-01-31 17:13:41.850 [warning] [Decorations] CAPPING events from decorations provider vscode.git 307
2024-01-31 17:13:46.907 [warning] [Decorations] CAPPING events from decorations provider vscode.git 307
2024-01-31 17:13:52.054 [warning] [Decorations] CAPPING events from decorations provider vscode.git 308
2024-01-31 17:13:57.111 [warning] [Decorations] CAPPING events from decorations provider vscode.git 307
2024-01-31 17:14:06.063 [warning] [Decorations] CAPPING events from decorations provider vscode.git 307
2024-01-31 17:14:11.117 [warning] [Decorations] CAPPING events from decorations provider vscode.git 307
2024-01-31 17:23:59.455 [warning] [Decorations] CAPPING events from decorations provider vscode.git 307
2024-01-31 17:24:04.501 [warning] [Decorations] CAPPING events from decorations provider vscode.git 307
2024-01-31 17:24:09.552 [warning] [Decorations] CAPPING events from decorations provider vscode.git 307
2024-01-31 17:24:14.625 [warning] [Decorations] CAPPING events from decorations provider vscode.git 307
2024-01-31 17:24:19.756 [warning] [Decorations] CAPPING events from decorations provider vscode.git 307
2024-01-31 17:24:25.350 [warning] [Decorations] CAPPING events from decorations provider vscode.git 307
2024-01-31 17:24:30.427 [warning] [Decorations] CAPPING events from decorations provider vscode.git 308
2024-01-31 17:24:35.508 [warning] [Decorations] CAPPING events from decorations provider vscode.git 309
2024-01-31 17:24:40.560 [warning] [Decorations] CAPPING events from decorations provider vscode.git 308
2024-01-31 17:24:45.642 [warning] [Decorations] CAPPING events from decorations provider vscode.git 308
2024-01-31 17:24:50.709 [warning] [Decorations] CAPPING events from decorations provider vscode.git 308
2024-01-31 17:24:55.754 [warning] [Decorations] CAPPING events from decorations provider vscode.git 308
2024-01-31 17:25:00.798 [warning] [Decorations] CAPPING events from decorations provider vscode.git 308
2024-01-31 17:25:05.850 [warning] [Decorations] CAPPING events from decorations provider vscode.git 308
2024-01-31 17:25:10.898 [warning] [Decorations] CAPPING events from decorations provider vscode.git 308
2024-01-31 17:25:15.944 [warning] [Decorations] CAPPING events from decorations provider vscode.git 308
2024-01-31 17:25:20.993 [warning] [Decorations] CAPPING events from decorations provider vscode.git 308
2024-01-31 17:25:26.045 [warning] [Decorations] CAPPING events from decorations provider vscode.git 308
2024-01-31 17:25:31.093 [warning] [Decorations] CAPPING events from decorations provider vscode.git 308
2024-01-31 17:25:36.142 [warning] [Decorations] CAPPING events from decorations provider vscode.git 308
2024-01-31 17:25:41.192 [warning] [Decorations] CAPPING events from decorations provider vscode.git 308
2024-01-31 17:25:46.236 [warning] [Decorations] CAPPING events from decorations provider vscode.git 308
2024-01-31 17:25:51.281 [warning] [Decorations] CAPPING events from decorations provider vscode.git 308
2024-01-31 17:25:56.330 [warning] [Decorations] CAPPING events from decorations provider vscode.git 308
2024-01-31 17:26:01.379 [warning] [Decorations] CAPPING events from decorations provider vscode.git 308
2024-01-31 17:26:06.433 [warning] [Decorations] CAPPING events from decorations provider vscode.git 308
2024-01-31 17:26:11.475 [warning] [Decorations] CAPPING events from decorations provider vscode.git 308
2024-01-31 17:26:16.532 [warning] [Decorations] CAPPING events from decorations provider vscode.git 308
2024-01-31 17:26:21.583 [warning] [Decorations] CAPPING events from decorations provider vscode.git 308
2024-01-31 17:26:27.164 [warning] [Decorations] CAPPING events from decorations provider vscode.git 309
2024-01-31 17:26:32.217 [warning] [Decorations] CAPPING events from decorations provider vscode.git 309
2024-01-31 17:26:37.288 [warning] [Decorations] CAPPING events from decorations provider vscode.git 310
2024-01-31 17:26:42.372 [warning] [Decorations] CAPPING events from decorations provider vscode.git 310
2024-01-31 17:26:47.700 [warning] [Decorations] CAPPING events from decorations provider vscode.git 310
2024-01-31 17:29:42.246 [warning] [Decorations] CAPPING events from decorations provider vscode.git 320
2024-01-31 17:29:47.690 [warning] [Decorations] CAPPING events from decorations provider vscode.git 320
2024-01-31 17:31:45.595 [warning] [Decorations] CAPPING events from decorations provider vscode.git 320
2024-01-31 17:31:50.645 [warning] [Decorations] CAPPING events from decorations provider vscode.git 320
2024-01-31 17:31:55.707 [warning] [Decorations] CAPPING events from decorations provider vscode.git 321
2024-01-31 17:32:00.778 [warning] [Decorations] CAPPING events from decorations provider vscode.git 322
2024-01-31 17:32:05.833 [warning] [Decorations] CAPPING events from decorations provider vscode.git 321
2024-01-31 17:32:10.892 [warning] [Decorations] CAPPING events from decorations provider vscode.git 321
2024-01-31 17:33:33.110 [warning] [Decorations] CAPPING events from decorations provider vscode.git 321
2024-01-31 17:33:38.161 [warning] [Decorations] CAPPING events from decorations provider vscode.git 321
2024-01-31 17:33:43.221 [warning] [Decorations] CAPPING events from decorations provider vscode.git 322
2024-01-31 17:33:48.284 [warning] [Decorations] CAPPING events from decorations provider vscode.git 322
2024-01-31 17:33:53.343 [warning] [Decorations] CAPPING events from decorations provider vscode.git 322
2024-01-31 17:33:58.393 [warning] [Decorations] CAPPING events from decorations provider vscode.git 322
2024-01-31 17:34:03.452 [warning] [Decorations] CAPPING events from decorations provider vscode.git 322
2024-01-31 17:34:08.496 [warning] [Decorations] CAPPING events from decorations provider vscode.git 322
2024-01-31 17:34:13.548 [warning] [Decorations] CAPPING events from decorations provider vscode.git 322
2024-01-31 17:34:18.632 [warning] [Decorations] CAPPING events from decorations provider vscode.git 322
2024-01-31 17:34:23.677 [warning] [Decorations] CAPPING events from decorations provider vscode.git 322
2024-01-31 17:34:28.725 [warning] [Decorations] CAPPING events from decorations provider vscode.git 322
2024-01-31 17:34:33.765 [warning] [Decorations] CAPPING events from decorations provider vscode.git 322
2024-01-31 17:34:38.808 [warning] [Decorations] CAPPING events from decorations provider vscode.git 322
2024-01-31 17:34:43.857 [warning] [Decorations] CAPPING events from decorations provider vscode.git 322
2024-01-31 17:34:48.907 [warning] [Decorations] CAPPING events from decorations provider vscode.git 322
2024-01-31 17:34:53.955 [warning] [Decorations] CAPPING events from decorations provider vscode.git 322
2024-01-31 17:34:58.999 [warning] [Decorations] CAPPING events from decorations provider vscode.git 322
2024-01-31 17:35:04.047 [warning] [Decorations] CAPPING events from decorations provider vscode.git 322
2024-01-31 17:35:09.098 [warning] [Decorations] CAPPING events from decorations provider vscode.git 322
2024-01-31 17:35:14.143 [warning] [Decorations] CAPPING events from decorations provider vscode.git 322
2024-01-31 17:35:19.190 [warning] [Decorations] CAPPING events from decorations provider vscode.git 322
2024-01-31 17:35:24.265 [warning] [Decorations] CAPPING events from decorations provider vscode.git 322
2024-01-31 17:35:29.333 [warning] [Decorations] CAPPING events from decorations provider vscode.git 322
2024-01-31 17:35:34.451 [warning] [Decorations] CAPPING events from decorations provider vscode.git 322
2024-01-31 17:35:39.501 [warning] [Decorations] CAPPING events from decorations provider vscode.git 322
2024-01-31 17:35:44.556 [warning] [Decorations] CAPPING events from decorations provider vscode.git 322
2024-01-31 17:35:49.613 [warning] [Decorations] CAPPING events from decorations provider vscode.git 322
2024-01-31 17:35:54.661 [warning] [Decorations] CAPPING events from decorations provider vscode.git 322
2024-01-31 17:35:59.756 [warning] [Decorations] CAPPING events from decorations provider vscode.git 322
2024-01-31 17:36:04.804 [warning] [Decorations] CAPPING events from decorations provider vscode.git 322
2024-01-31 17:36:09.871 [warning] [Decorations] CAPPING events from decorations provider vscode.git 323
2024-01-31 17:36:14.918 [warning] [Decorations] CAPPING events from decorations provider vscode.git 324
2024-01-31 17:36:19.985 [warning] [Decorations] CAPPING events from decorations provider vscode.git 323
2024-01-31 17:36:25.040 [warning] [Decorations] CAPPING events from decorations provider vscode.git 323
2024-01-31 17:36:30.095 [warning] [Decorations] CAPPING events from decorations provider vscode.git 323
2024-01-31 17:36:35.148 [warning] [Decorations] CAPPING events from decorations provider vscode.git 324
2024-01-31 17:36:40.198 [warning] [Decorations] CAPPING events from decorations provider vscode.git 325
2024-01-31 17:36:45.245 [warning] [Decorations] CAPPING events from decorations provider vscode.git 325
2024-01-31 17:36:50.295 [warning] [Decorations] CAPPING events from decorations provider vscode.git 325
2024-01-31 17:36:55.352 [warning] [Decorations] CAPPING events from decorations provider vscode.git 325
2024-01-31 17:37:00.401 [warning] [Decorations] CAPPING events from decorations provider vscode.git 325
2024-01-31 17:37:05.444 [warning] [Decorations] CAPPING events from decorations provider vscode.git 325
2024-01-31 17:37:10.487 [warning] [Decorations] CAPPING events from decorations provider vscode.git 325
2024-01-31 17:37:15.533 [warning] [Decorations] CAPPING events from decorations provider vscode.git 325
2024-01-31 17:37:20.587 [warning] [Decorations] CAPPING events from decorations provider vscode.git 325
2024-01-31 17:37:25.639 [warning] [Decorations] CAPPING events from decorations provider vscode.git 325
2024-01-31 17:37:30.682 [warning] [Decorations] CAPPING events from decorations provider vscode.git 325
2024-01-31 17:37:35.732 [warning] [Decorations] CAPPING events from decorations provider vscode.git 325
2024-01-31 17:37:40.802 [warning] [Decorations] CAPPING events from decorations provider vscode.git 325
2024-01-31 17:37:45.849 [warning] [Decorations] CAPPING events from decorations provider vscode.git 325
2024-01-31 17:37:50.901 [warning] [Decorations] CAPPING events from decorations provider vscode.git 325
2024-01-31 17:37:55.947 [warning] [Decorations] CAPPING events from decorations provider vscode.git 325
2024-01-31 17:38:00.993 [warning] [Decorations] CAPPING events from decorations provider vscode.git 325
2024-01-31 17:38:06.046 [warning] [Decorations] CAPPING events from decorations provider vscode.git 325
2024-01-31 17:38:11.097 [warning] [Decorations] CAPPING events from decorations provider vscode.git 325
2024-01-31 17:38:16.149 [warning] [Decorations] CAPPING events from decorations provider vscode.git 325
2024-01-31 17:38:21.202 [warning] [Decorations] CAPPING events from decorations provider vscode.git 325
2024-01-31 17:38:26.255 [warning] [Decorations] CAPPING events from decorations provider vscode.git 325
2024-01-31 17:38:31.301 [warning] [Decorations] CAPPING events from decorations provider vscode.git 325
2024-01-31 17:38:36.352 [warning] [Decorations] CAPPING events from decorations provider vscode.git 325
2024-01-31 17:38:41.426 [warning] [Decorations] CAPPING events from decorations provider vscode.git 325
2024-01-31 17:38:46.478 [warning] [Decorations] CAPPING events from decorations provider vscode.git 325
2024-01-31 17:38:51.525 [warning] [Decorations] CAPPING events from decorations provider vscode.git 325
2024-01-31 17:38:56.657 [warning] [Decorations] CAPPING events from decorations provider vscode.git 325
2024-01-31 17:39:01.707 [warning] [Decorations] CAPPING events from decorations provider vscode.git 325
2024-01-31 17:39:06.794 [warning] [Decorations] CAPPING events from decorations provider vscode.git 325
2024-01-31 17:39:11.843 [warning] [Decorations] CAPPING events from decorations provider vscode.git 325
2024-01-31 17:39:16.920 [warning] [Decorations] CAPPING events from decorations provider vscode.git 325
2024-01-31 17:42:11.301 [warning] [Decorations] CAPPING events from decorations provider vscode.git 325
2024-01-31 17:42:16.360 [warning] [Decorations] CAPPING events from decorations provider vscode.git 326
2024-01-31 17:42:21.410 [warning] [Decorations] CAPPING events from decorations provider vscode.git 327
2024-01-31 17:46:23.751 [warning] [Decorations] CAPPING events from decorations provider vscode.git 327
2024-01-31 17:46:28.802 [warning] [Decorations] CAPPING events from decorations provider vscode.git 328
2024-01-31 17:46:33.848 [warning] [Decorations] CAPPING events from decorations provider vscode.git 329
2024-01-31 17:46:38.954 [warning] [Decorations] CAPPING events from decorations provider vscode.git 328
2024-01-31 17:46:43.996 [warning] [Decorations] CAPPING events from decorations provider vscode.git 328
2024-01-31 17:46:49.109 [warning] [Decorations] CAPPING events from decorations provider vscode.git 328
2024-01-31 17:46:54.154 [warning] [Decorations] CAPPING events from decorations provider vscode.git 328
2024-01-31 17:46:59.204 [warning] [Decorations] CAPPING events from decorations provider vscode.git 328
2024-01-31 17:47:04.247 [warning] [Decorations] CAPPING events from decorations provider vscode.git 328
2024-01-31 17:47:09.314 [warning] [Decorations] CAPPING events from decorations provider vscode.git 328
2024-01-31 17:47:14.362 [warning] [Decorations] CAPPING events from decorations provider vscode.git 328
2024-01-31 17:47:19.404 [warning] [Decorations] CAPPING events from decorations provider vscode.git 328
2024-01-31 17:47:24.460 [warning] [Decorations] CAPPING events from decorations provider vscode.git 328
2024-01-31 17:47:29.528 [warning] [Decorations] CAPPING events from decorations provider vscode.git 328
2024-01-31 17:47:34.576 [warning] [Decorations] CAPPING events from decorations provider vscode.git 328
2024-01-31 17:47:39.626 [warning] [Decorations] CAPPING events from decorations provider vscode.git 328
2024-01-31 17:47:44.684 [warning] [Decorations] CAPPING events from decorations provider vscode.git 328
2024-01-31 17:47:49.726 [warning] [Decorations] CAPPING events from decorations provider vscode.git 328
2024-01-31 17:47:54.776 [warning] [Decorations] CAPPING events from decorations provider vscode.git 328
2024-01-31 17:47:59.829 [warning] [Decorations] CAPPING events from decorations provider vscode.git 328
2024-01-31 17:48:04.883 [warning] [Decorations] CAPPING events from decorations provider vscode.git 328
2024-01-31 17:48:09.938 [warning] [Decorations] CAPPING events from decorations provider vscode.git 328
2024-01-31 17:48:14.988 [warning] [Decorations] CAPPING events from decorations provider vscode.git 328
2024-01-31 17:48:20.083 [warning] [Decorations] CAPPING events from decorations provider vscode.git 328
2024-01-31 17:48:28.258 [warning] [Decorations] CAPPING events from decorations provider vscode.git 328
2024-01-31 17:48:33.329 [warning] [Decorations] CAPPING events from decorations provider vscode.git 328
2024-01-31 17:48:38.389 [warning] [Decorations] CAPPING events from decorations provider vscode.git 328
2024-01-31 17:52:37.282 [warning] [Decorations] CAPPING events from decorations provider vscode.git 328
2024-01-31 17:52:42.330 [warning] [Decorations] CAPPING events from decorations provider vscode.git 328
2024-01-31 17:52:47.421 [warning] [Decorations] CAPPING events from decorations provider vscode.git 329
2024-01-31 17:52:52.467 [warning] [Decorations] CAPPING events from decorations provider vscode.git 329
2024-01-31 17:52:57.526 [warning] [Decorations] CAPPING events from decorations provider vscode.git 329
2024-01-31 17:53:02.572 [warning] [Decorations] CAPPING events from decorations provider vscode.git 329
2024-01-31 17:53:07.626 [warning] [Decorations] CAPPING events from decorations provider vscode.git 329
2024-01-31 17:53:12.675 [warning] [Decorations] CAPPING events from decorations provider vscode.git 329
2024-01-31 17:53:17.722 [warning] [Decorations] CAPPING events from decorations provider vscode.git 329
2024-01-31 17:53:22.770 [warning] [Decorations] CAPPING events from decorations provider vscode.git 329
2024-01-31 17:53:27.815 [warning] [Decorations] CAPPING events from decorations provider vscode.git 329
2024-01-31 17:53:32.865 [warning] [Decorations] CAPPING events from decorations provider vscode.git 329
2024-01-31 17:53:37.936 [warning] [Decorations] CAPPING events from decorations provider vscode.git 329
2024-01-31 17:53:42.977 [warning] [Decorations] CAPPING events from decorations provider vscode.git 329
2024-01-31 17:53:48.113 [warning] [Decorations] CAPPING events from decorations provider vscode.git 329
2024-01-31 17:53:53.307 [warning] [Decorations] CAPPING events from decorations provider vscode.git 329
2024-01-31 17:54:03.244 [warning] [Decorations] CAPPING events from decorations provider vscode.git 329
2024-01-31 17:54:08.317 [warning] [Decorations] CAPPING events from decorations provider vscode.git 329
2024-01-31 17:55:36.470 [warning] [Decorations] CAPPING events from decorations provider vscode.git 329
2024-01-31 17:55:41.563 [warning] [Decorations] CAPPING events from decorations provider vscode.git 329
2024-01-31 17:55:46.668 [warning] [Decorations] CAPPING events from decorations provider vscode.git 330
2024-01-31 17:55:51.712 [warning] [Decorations] CAPPING events from decorations provider vscode.git 330
2024-01-31 17:55:56.765 [warning] [Decorations] CAPPING events from decorations provider vscode.git 331
2024-01-31 17:56:01.812 [warning] [Decorations] CAPPING events from decorations provider vscode.git 332
2024-01-31 17:56:06.859 [warning] [Decorations] CAPPING events from decorations provider vscode.git 331
2024-01-31 17:56:11.910 [warning] [Decorations] CAPPING events from decorations provider vscode.git 332
2024-01-31 17:56:16.955 [warning] [Decorations] CAPPING events from decorations provider vscode.git 332
2024-01-31 17:56:22.005 [warning] [Decorations] CAPPING events from decorations provider vscode.git 332
2024-01-31 17:56:27.050 [warning] [Decorations] CAPPING events from decorations provider vscode.git 332
2024-01-31 17:56:32.244 [warning] [Decorations] CAPPING events from decorations provider vscode.git 332
2024-01-31 17:56:37.299 [warning] [Decorations] CAPPING events from decorations provider vscode.git 332
2024-01-31 17:56:42.350 [warning] [Decorations] CAPPING events from decorations provider vscode.git 332
2024-01-31 17:56:47.397 [warning] [Decorations] CAPPING events from decorations provider vscode.git 332
2024-01-31 17:56:52.466 [warning] [Decorations] CAPPING events from decorations provider vscode.git 332
2024-01-31 17:56:57.515 [warning] [Decorations] CAPPING events from decorations provider vscode.git 332
2024-01-31 17:57:02.582 [warning] [Decorations] CAPPING events from decorations provider vscode.git 332
2024-01-31 17:57:07.644 [warning] [Decorations] CAPPING events from decorations provider vscode.git 332
2024-01-31 17:57:12.689 [warning] [Decorations] CAPPING events from decorations provider vscode.git 332
