2024-01-31 16:30:38.646 [info] Added views:workbench.panel.markers.view in workbench.panel.markers
2024-01-31 16:30:38.646 [info] Added views:workbench.panel.output in workbench.panel.output
2024-01-31 16:30:38.646 [info] Added views:terminal in terminal
2024-01-31 16:30:38.646 [info] Added views:outline in workbench.view.explorer
2024-01-31 16:30:38.646 [info] Added views:workbench.scm in workbench.view.scm
2024-01-31 16:30:38.646 [info] Added views:workbench.view.search in workbench.view.search
2024-01-31 16:30:38.646 [info] Added views:timeline in workbench.view.explorer
2024-01-31 16:30:38.646 [info] Added views:workbench.explorer.emptyView in workbench.view.explorer
2024-01-31 16:30:39.000 [info] Added views:workbench.debug.variablesView,workbench.debug.watchExpressionsView,workbench.debug.callStackView,workbench.debug.breakPointsView in workbench.view.debug
2024-01-31 16:30:42.291 [info] Added views:~remote.forwardedPorts in ~remote.forwardedPortsContainer
2024-01-31 16:30:42.676 [info] Added views:workbench.panel.repl.view in workbench.panel.repl
2024-01-31 16:30:42.682 [info] Removed views:workbench.debug.breakPointsView,workbench.debug.callStackView,workbench.debug.watchExpressionsView,workbench.debug.variablesView from workbench.view.debug
2024-01-31 16:30:42.712 [info] Added views:workbench.debug.welcome in workbench.view.debug
2024-01-31 16:30:57.212 [info] Added views:workbench.panel.markers.view in workbench.panel.markers
2024-01-31 16:30:57.213 [info] Added views:workbench.panel.output in workbench.panel.output
2024-01-31 16:30:57.213 [info] Added views:terminal in terminal
2024-01-31 16:30:57.213 [info] Added views:outline in workbench.view.explorer
2024-01-31 16:30:57.213 [info] Added views:workbench.scm in workbench.view.scm
2024-01-31 16:30:57.213 [info] Added views:workbench.view.search in workbench.view.search
2024-01-31 16:30:57.213 [info] Added views:timeline in workbench.view.explorer
2024-01-31 16:30:57.213 [info] Added views:workbench.explorer.fileView in workbench.view.explorer
2024-01-31 16:30:57.620 [info] Added views:workbench.debug.variablesView,workbench.debug.watchExpressionsView,workbench.debug.callStackView,workbench.debug.breakPointsView in workbench.view.debug
2024-01-31 16:30:57.812 [info] Added views:~remote.forwardedPorts in ~remote.forwardedPortsContainer
2024-01-31 16:30:59.057 [info] Added views:workbench.panel.repl.view in workbench.panel.repl
2024-01-31 16:30:59.059 [info] Removed views:workbench.debug.breakPointsView,workbench.debug.callStackView,workbench.debug.watchExpressionsView,workbench.debug.variablesView from workbench.view.debug
2024-01-31 16:30:59.059 [info] Added views:workbench.debug.welcome in workbench.view.debug
